<?xml version="1.0" encoding="UTF-8"?>
<testng-results skipped="0" failed="0" total="1" passed="1">
  <reporter-output>
  </reporter-output>
  <suite name="Default suite" duration-ms="1294" started-at="2020-04-13T21:19:56Z" finished-at="2020-04-13T21:19:57Z">
    <groups>
    </groups>
    <test name="Default test" duration-ms="1294" started-at="2020-04-13T21:19:56Z" finished-at="2020-04-13T21:19:57Z">
      <class name="com.qa.tests.PostApiTest">
        <test-method status="PASS" signature="setup()[pri:0, instance:com.qa.tests.PostApiTest@11f989e]" name="setup" is-config="true" duration-ms="9" started-at="2020-04-13T17:19:56Z" finished-at="2020-04-13T17:19:56Z">
          <reporter-output>
          </reporter-output>
        </test-method> <!-- setup -->
        <test-method status="PASS" signature="verifyPostAPITest()[pri:0, instance:com.qa.tests.PostApiTest@11f989e]" name="verifyPostAPITest" duration-ms="1268" started-at="2020-04-13T17:19:56Z" finished-at="2020-04-13T17:19:57Z">
          <reporter-output>
          </reporter-output>
        </test-method> <!-- verifyPostAPITest -->
      </class> <!-- com.qa.tests.PostApiTest -->
    </test> <!-- Default test -->
  </suite> <!-- Default suite -->
</testng-results>
